Build started 3/25/2016 3:29:00 PM.
     1>Project "\\ad\eng\users\n\m\nmemme\Desktop\VirtualRealty-robot\VirtualRealty-robot\Robot\BlueSoleil SDK\SDKsample\sdksample.vcxproj" on node 2 (Build target(s)).
     1>C:\Program Files (x86)\MSBuild\Microsoft.Cpp\v4.0\V110\Microsoft.CppBuild.targets(1137,5): warning MSB8012: TargetPath(\\ad\eng\users\n\m\nmemme\Desktop\VirtualRealty-robot\VirtualRealty-robot\Robot\BlueSoleil SDK\SDKsample\.\Debug\sdksample.exe) does not match the Linker's OutputFile property value (\\ad\eng\users\n\m\nmemme\Desktop\VirtualRealty-robot\VirtualRealty-robot\Robot\BlueSoleil SDK\bin\sdksample_debug.exe). This may cause your project to build incorrectly. To correct this, please make sure that $(OutDir), $(TargetName) and $(TargetExt) property values match the value specified in %(Link.OutputFile).
     1>C:\Program Files (x86)\MSBuild\Microsoft.Cpp\v4.0\V110\Microsoft.CppBuild.targets(1139,5): warning MSB8012: TargetName(sdksample) does not match the Linker's OutputFile property value (sdksample_debug). This may cause your project to build incorrectly. To correct this, please make sure that $(OutDir), $(TargetName) and $(TargetExt) property values match the value specified in %(Link.OutputFile).
     1>Link:
         C:\Program Files (x86)\Microsoft Visual Studio 11.0\VC\bin\link.exe /ERRORREPORT:PROMPT /OUT:"../bin/sdksample_debug.exe" /INCREMENTAL /NOLOGO /LIBPATH:..\BIN /LIBPATH:\Lib msvcrtd.lib winmm.lib Setupapi.lib Advapi32.lib ws2_32.lib Shlwapi.lib Winspool.lib Msacm32.lib BSSDK.lib odbc32.lib odbccp32.lib bmsg_parserd.lib shlwapi.lib kernel32.lib user32.lib gdi32.lib winspool.lib comdlg32.lib advapi32.lib shell32.lib ole32.lib oleaut32.lib uuid.lib odbc32.lib odbccp32.lib /NODEFAULTLIB:libcmtd.lib /NODEFAULTLIB:libcd.lib /MANIFEST /MANIFESTUAC:"level='asInvoker' uiAccess='false'" /manifest:embed /DEBUG /PDB:".\Debug\sdksample.pdb" /SUBSYSTEM:CONSOLE /TLBID:1 /DYNAMICBASE /NXCOMPAT /IMPLIB:".\Debug\sdksample.lib" /MACHINE:X86 /SAFESEH .\Debug\av_tst.obj
         .\Debug\ftpopp_tst.obj
         .\Debug\gatt_test.obj
         .\Debug\hfp_tst.obj
         .\Debug\hid_tst.obj
         .\Debug\loc_dev_tst.obj
         .\Debug\map_tst.obj
         .\Debug\pan_tst.obj
         .\Debug\pbap_tst.obj
         .\Debug\profiles_tst.obj
         .\Debug\report.obj
         .\Debug\rmt_dev_tst.obj
         .\Debug\rmt_svc_tst.obj
         .\Debug\sdk_tst.obj
         .\Debug\spp_tst.obj
         .\Debug\vcc.obj
         .\Debug\vobject.obj
     1>av_tst.obj : warning LNK4075: ignoring '/EDITANDCONTINUE' due to '/SAFESEH' specification
     1>bmsg_parserd.lib(bmsg_parser.obj) : error LNK2026: module unsafe for SAFESEH image.
     1>bmsg_parserd.lib(parser_fsm.obj) : error LNK2026: module unsafe for SAFESEH image.
     1>bmsg_parserd.lib(dbg_print.obj) : error LNK2026: module unsafe for SAFESEH image.
     1>bmsg_parserd.lib(hlp_parser.obj) : error LNK2026: module unsafe for SAFESEH image.
            Creating library .\Debug\sdksample.lib and object .\Debug\sdksample.exp
     1>../bin/sdksample_debug.exe : fatal error LNK1281: Unable to generate SAFESEH image.
     1>Done Building Project "\\ad\eng\users\n\m\nmemme\Desktop\VirtualRealty-robot\VirtualRealty-robot\Robot\BlueSoleil SDK\SDKsample\sdksample.vcxproj" (Build target(s)) -- FAILED.

Build FAILED.

Time Elapsed 00:00:02.62
